<?xml version="1.0" encoding="UTF-8"?>
<!-- Generated by org.testng.reporters.JUnitReportReporter -->
<testsuite hostname="DESKTOP-D8Q7906" failures="0" tests="2" name="com.RanjanPracticeTest.GeneralStoreTestOne" time="189.270" errors="0" timestamp="18 Sep 2022 20:18:35 GMT" skipped="0">
  <testcase classname="com.RanjanPracticeTest.GeneralStoreTestOne" name="handleHybridApp" time="75.387"/>
  <testcase classname="com.RanjanPracticeTest.GeneralStoreTestOne" name="handleHybridApp" time="113.883"/>
</testsuite> <!-- com.RanjanPracticeTest.GeneralStoreTestOne -->
