<?xml version="1.0" encoding="UTF-8"?>
<!-- Generated by org.testng.reporters.JUnitReportReporter -->
<testsuite skipped="0" hostname="DESKTOP-D8Q7906" name="com.RanjanPracticeTest.GeneralStoreTestOne" tests="2" failures="0" timestamp="20 Sep 2022 18:28:39 GMT" time="216.413" errors="0">
  <testcase name="handleHybridApp" time="89.082" classname="com.RanjanPracticeTest.GeneralStoreTestOne"/>
  <testcase name="handleHybridApp" time="127.331" classname="com.RanjanPracticeTest.GeneralStoreTestOne"/>
</testsuite> <!-- com.RanjanPracticeTest.GeneralStoreTestOne -->
